[    0.000000] Initializing cgroup ubsys cpuset
[    0.000000] Initializing cgroup subsys cpu
[    0.000000] Initializing cgroup subsys cpuacct
[    0.000000] Linux version 4.4.0-135-generic (buildd@lcy01-amd64-020) (gcc verion 5.4.0 20160609 (Ubuntu 5.4.0-6ubuntu1~16.04.10) ) #161-Ubuntu SMP Mon Aug 27 10:45:01 UTC 2018 (Ubuntu 4.4.0-135.61-generic 4.4.140
[    0.000000] Command line: BOOT_IMAGE=/boot/vmlinuz-4.4.0-135-generic root=LABEL=cloudimg-rootfs ro console=tty1 console=ttyS0
[    0.000000] KERNEL supported cpus:
[    0.000000]   Intel GenuineIntel
[    0.000000]   AM AuthenticAMD
[    0.000000]   Centaur CentaurHauls    0.00000] x8/fpu: xstate_offset[2]:  576, xstate_sizes[2]:  256
[    0.000000] x86/fpu: Supporting XSAVE feature 0x01: 'x8 floating point registers'
[    0.000000] x86/fpu: Supporting XSAVE  feature 0x02: 'SSE registers'
[    0.000000] x86/fpu: Supporting XSAVE feature 0x04: 'AVX registe'
[    0.000000] x86/fpu: Enabled xstate features 0x7 context size is 832 bytes, using 'standard' format.
[   0.000000] e820: BIOS-provided physical RAM map:
[    0.000000] BIO-e820: [mem 0x0000000000000000-0x000000000009fbff] usable
[    0.000000] BIOS-e820: [mem 0x000000000009fc00-0x000000000009ffff] reserved
[    0.000000] BIOS-e820: [mem 0x00000000000f0000-0x00000000000fffff] reserved
[    0.000000] BIOS-e820: [mem 0x0000000000100000-0x000000003ffeffff] usable
[    0.000000] BIOS-e820: [mem 0x000000003fff0000-0x000000003fffffff] ACPI data
[    0.000000] BIOS-e820: [mem 0x00000000fec00000-0x00000000fec00fff] reserved
[    0.000000] BIOS-e820: [mem 0x00000000fee00000-0x00000000fee00fff] reserved
[    0.000000] BIOS-e820: [mem 0x00000000fffc0000-0x00000000ffffffff] reserved
[    0.000000] NX (Execte Disable) protctin: active
[    0.000000] SMBIOS 2.5 present.
[    0.000000] Hypervisor detected: KVM
[    0.000000] e820: last_pfn = 0x3fff0 max_arch_pfn = 0x400000000
[    0.000000] MTRR: Disabled
[    0.000000] x86/PAT: MTRRs disabled, skipping PAT initialization too.
[    0.000000] CPU TRRs ll bank - virtualized system.
[    0.000000] x86/PAT: Configuraion [0-]: WB  WT  UC- UC  WB  WT UC- UC  
[    0.000000] found SMP MP-table at [mem 0x0009fff0-0x0009ffff] mapped at [ffff88000009fff0]
[    0.000000] Scanning 1 aeas for low memory corruption
[    0.000000] RAMDISK: [mem 0x3630a000-0x3717cfff]
[    0.000000] ACPI: Early table checksum verification disabled
[    0.000000] ACPI: RSDP 0x00000000000E0000 000024 (v02 VBOX  )
[    0.000000] ACPI: XSDT 0x000000003FFF0030 00003C (v0 VBOX   VBOXXSDT 00000001 ASL  00000061)
[    0.000000] ACPI: FAC 0x0000003FFF00F0 0000F4 (v04 VBOX   VBOXFACP 00000001 ASL  00000061)
[    0.000000] ACPI: DSDT 0x000000003FFF0470 0021FF (v02 VBOX   VBOXBIOS 00000002 INTL 20100528)
[    0.000000] ACPI: FACS 0x000000003FFF0200 000040
[    0.000000] ACPI: FACS 0x000000003FFF0200 000040
[    0.000000] ACPI: APIC 0x000000003FFF0240 00005C (v02 VBOX   VBOXAPIC 00000001 ASL  00000061)
[    0.000000] ACPI: SSDT 0x000000003FFF02A0 0001CC (v01 VBOX   VBOXCPUT 0000002 ITL 2100528)
[    0.000000] No NUMA configuration found
[    0.000000] Faking a node at mem 0x0000000000000000-0x00000003ffeffff]
[    0.000000] NODEDATA(0 allocated [mem 0x3ffeb000-0x3ffeffff
[    0.000000] kvm-clock: Using msrs b564d01 and 4b564d00
[    0.000000] kvm-clock: cpu 0, msr 0:3ffe3001, primary cpu clock
[    0.000000] kvm-clock: using sched offset of 7959007876 cycles
[    0.000000] clocksource: kvm-clock: mask: 0xffffffffffffffff max_cycles: 0x1cd42e4dffb, max_idle_ns: 881590591483 ns
[    0.000000] Zone ranges:
[    0.000000]   DMA      [mem 0x0000000000001000-0x0000000000ffffff]
[    0.000000]   DMA32    [mem 0x0000000001000000-0x000000003ffeffff]
[    0.000000]   Normal   empty
[    0.000000]   Device   empty
[    0.000000] Movable zone start for each node
[    0.000000] Early memory node ranges
[    0.000000]   node   0: [mem 0x0000000000001000-0x000000000009efff]
[    0.000000]   node   0: [mem 0x0000000000100000-0x000000003ffeffff]
[    0.000000] Initmem setup node 0 [mem 0x0000000000001000-0x000000003ffeffff]
[    0.000000] ACPI: PM-Timer IO Port: 0x4008
[    0.000000] IOAPC[0]: apic_id 2, verion 32, address 0xfc00000, GSI 0-23
[    0.000000] ACPI: INT_SRC_OVR (bus 0 bus_irq 0 global_irq 2 dfl dfl)
[    0.000000] ACPI: INT_SRC_OVR (bus 0 bus_irq 9 global_irq 9 low level)
[    0.00000] Using ACPI (MADT) for SMPconfiguration information
[    0.000000] smpboot: Allowing 2 CPUs, 0 hotplug CPUs
[    0.00000] PM: Reisterd nosave memory: [mem 0x00000000-0x00000fff]
[    0.000000] PM: Registered osave memory: [mem 0x0009f000-0x0009ffff]
[    0.000000] PM Registered noave memory: [me 0x000a0000-0x000effff]
[    0.000000] PM: Registered nosave memory: [mem 0x000f0000-0x000fffff]
[    0.000000] e820: [mem 0x40000000-0xfebfffff] available for PCI devices
[    0.000000] Booting paravirtualized kernel on KVM
[    0.00000] clocksource: refined-jiffies: mask: 0xffffffff max_cycles: 0xffffffff, max_idle_ns: 7645519600211568ns
[    0.000000] setup_ercpu: NR_CPUS:512 nr_cpumask_bits:512 nr_cpu_ids:2 nr_node_ids:1
[    0.000000 PERCPU: Embedded 34 pages/cpu @ffff88003fc00000 s99544 r8192 d31528 u1048576
[   0.00000] PV qpinlock hash table entries: 256 (order: 0, 4096 bytes)
[    0.000000] Built 1 zonelists in Node order, mobility grouping on.  Total pages: 257912
[    0.000000] Policy zone: DMA32
[   0.000000] Kenel command line: BOOT_IMAGE=/boot/vmlinuz-4.4.0-135-generic root=LABEL=cloudimg-rootfs ro console=tty1 console=tty0
[    0.000000] PID hash table entries: 4096 (order: 3, 32768 bytes)
[    0.000000] Memory: 997720K/1048120K available (8554K kernel code, 1314K rwdata, 4004K rodata, 1516K init, 1316K bss, 50400K reserved, 0K cma-reserved)
[    0.000000] SLUB: HWalign=64, Order=0-3, MinObjects=0, CPUs=2, Nodes=1
[    0.000000] Kernel/User page tables isolation: enabled
[    0.000000] Hierarchical RCU implementation.
[    0.000000] 	Build-time adjustment of leaf fanout to 64.
[    0.000000] 	RCU restricting CPUs from NR_CPUS=512 to nr_cpu_ids=2.
[    0.000000] RCU: Adjusting geometry for rcu_fanout_leaf=64, nr_cpu_ids=2
[    0.000000] NR_IRQS:33024 nr_irqs:440 16
[    0.000000] Console: colour VGA+ 80x25
[    0.000000] console [tty1] enabled
[    0.000000] console [ttyS0] enabled
[    0.000000] tsc: Detected 1599.999 MHz processor
[    1.652623] Calibrating delay loop (skipped) preset value.. 3199.99 BogoMIPS (lpj=6399996)
[    1.677312] pid_max: default: 32768 minimum: 301
[    1.685109] ACPI: Core revision 20150930
[    1.687685] ACPI: 2 ACPI AML tables successfully acquired and loaded
[    1.693307] Security Framework initialized
[    1.696298] Yama: becoming mindful.
[    1.701531] AppArmor: AppArmor initialized
[    1.703760] Dentry cache hash table entries: 131072 (order: 8, 1048576 bytes)
[    1.723635] Inode-cache hash table entries: 65536 (order: 7, 524288 bytes)
[    1.733124] Mount-cache hash table entries: 2048 (order: 2, 16384 bytes)
[    1.738457] Mountpoint-cache hash table entries: 2048 (order: 2, 16384 bytes)
[    1.744492] Initializing cgroup subsys io
[    1.746290] Initializing cgroup subsys memory
[    1.755211] Initializing cgroup subsys devices
[    1.765799] Initializing cgroup subsys freezer
[    1.777305] Initializing cgroup subsys net_cls
[    1.785663] Initializing cgroup subsys perf_event
[    1.793266] Initializing cgroup subsys net_prio
[    1.798329] Initializing cgroup subsys hugetlb
[    1.805780] Initializing cgroup subsys pids
[    1.808851] mce: CPU supports 0 MCE banks
[    1.816583] Last level iTLB entries: 4KB 64, 2MB 8, 4MB 8
[    1.824921] Last level dTLB entries: 4KB 64, 2MB 0, 4MB 0, 1GB 4
[    1.827710] Spectre V2 : Mitigation: Full generic retpoline
[    1.840949] Spectre V2 : Speculation control IBPB not-supported IBRS not-supported
[    1.857003] Speculative Store Bypass: Vulnerable
[    1.871950] Freeing SMP alternatives memory: 32K
[    1.884784] ftrace: allocating 32266 entries in 127 pages
[    1.948948] smpboot: APIC(0) Converting physical 0 to logical package 0
[    1.958058] smpboot: Max logical packages: 1
[    1.961717] x2apic enabled
[    1.965143] Switched APIC routing to physical x2apic.
[    1.975091] ..TIMER: vector=0x30 apic1=0 pin1=2 apic2=-1 pin2=-1
[    2.096174] smpboot: CPU0: Intel(R) Core(TM) i5-5250U CPU @ 1.60GHz (family: 0x6, model: 0x3d, stepping: 0x4)
[    2.109171] Performance Events: unsupported p6 CPU model 61 no PMU driver, software events only.
[    2.119834] KVM setup paravirtual spinlock
[    2.122309] x86: Booting SMP configuration:
[    2.133221] .... node  #0, CPUs:      #1
[    2.135313] kvm-clock: cpu 1, msr 0:3ffe3041, secondary cpu clock
[    2.152134] mce: CPU supports 0 MCE banks
[    2.161886] x86: Booted up 1 node, 2 CPUs
[    2.171213] smpboot: Total of 2 processors activated (6399.99 BogoMIPS)
[    2.175182] devtmpfs: initialized
[    2.180998] evm: security.selinux
[    2.189158] evm: security.SMACK64
[    2.192218] evm: security.SMACK64EXEC
[    2.193808] evm: security.SMACK64TRANSMUTE
[    2.197081] evm: security.SMACK64MMAP
[    2.201242] evm: security.ima
[    2.203317] evm: security.capability
[    2.208108] clocksource: jiffies: mask: 0xffffffff max_cycles: 0xffffffff, max_idle_ns: 7645041785100000 ns
[    2.228024] futex hash table entries: 512 (order: 3, 32768 bytes)
[    2.233585] pinctrl core: initialized pinctrl subsystem
[    2.240012] RTC time: 15:49:50, date: 09/27/18
[    2.247557] NET: Registered protocol family 16
[    2.265404] cpuidle: using governor ladder
[    2.285158] cpuidle: using governor menu
[    2.292164] PCCT header not found.
[    2.294159] ACPI: bus type PCI registered
[    2.296273] acpiphp: ACPI Hot Plug PCI Controller Driver version: 0.5
[    2.299225] PCI: Using configuration type 1 for base access
[    2.314506] ACPI: Added _OSI(Module Device)
[    2.323438] ACPI: Added _OSI(Processor Device)
[    2.327828] ACPI: Added _OSI(3.0 _SCP Extensions)
[    2.329845] ACPI: Added _OSI(Processor Aggregator Device)
[    2.335259] ACPI: Executed 1 blocks of module-level executable AML code
[    2.345283] ACPI: Interpreter enabled
[    2.354754] ACPI: (supports S0 S5)
[    2.363305] ACPI: Using IOAPIC for interrupt routing
[    2.367678] PCI: Using host bridge windows from ACPI; if necessary, use "pci=nocrs" and report a bug
[    2.381184] ACPI: PCI Root Bridge [PCI0] (domain 0000 [bus 00-ff])
[    2.387591] acpi PNP0A03:00: _OSC: OS supports [ASPM ClockPM Segments MSI]
[    2.397681] acpi PNP0A03:00: _OSC: not requesting OS control; OS requires [ExtendedConfig ASPM ClockPM MSI]
[    2.407752] acpi PNP0A03:00: fail to add MMCONFIG information, can't access extended PCI configuration space under this bridge.
[    2.422233] PCI host bridge to bus 0000:00
[    2.425791] pci_bus 0000:00: root bus resource [io  0x0000-0x0cf7 window]
[    2.428261] pci_bus 0000:00: root bus resource [io  0x0d00-0xffff window]
[    2.432300] pci_bus 0000:00: root bus resource [mem 0x000a0000-0x000bffff window]
[    2.438452] pci_bus 0000:00: root bus resource [mem 0x40000000-0xfdffffff window]
[    2.445079] pci_bus 0000:00: root bus resource [bus 00-ff]
[    2.453125] pci 0000:00:01.1: legacy IDE quirk: reg 0x10: [io  0x01f0-0x01f7]
[    2.461938] pci 0000:00:01.1: legacy IDE quirk: reg 0x14: [io  0x03f6]
[    2.465829] pci 0000:00:01.1: legacy IDE quirk: reg 0x18: [io  0x0170-0x0177]
[    2.475545] pci 0000:00:01.1: legacy IDE quirk: reg 0x1c: [io  0x0376]
[    2.505253] pci 0000:00:07.0: quirk: [io  0x4000-0x403f] claimed by PIIX4 ACPI
[    2.520782] pci 0000:00:07.0: quirk: [io  0x4100-0x410f] claimed by PIIX4 SMB
[    2.544199] ACPI: PCI Interrupt Link [LNKA] (IRQs 5 9 10 *11)
[    2.555011] ACPI: PCI Interrupt Link [LNKB] (IRQs 5 9 *10 11)
[    2.562038] ACPI: PCI Interrupt Link [LNKC] (IRQs 5 *9 10 11)
[    2.569839] ACPI: PCI Interrupt Link [LNKD] (IRQs 5 9 10 *11)
[    2.578004] ACPI: Enabled 2 GPEs in block 00 to 07
[    2.584369] vgaarb: setting as boot device: PCI:0000:00:02.0
[    2.588250] vgaarb: device added: PCI:0000:00:02.0,decodes=io+mem,owns=io+mem,locks=none
[    2.595087] vgaarb: loaded
[    2.597769] vgaarb: bridge control possible 0000:00:02.0
[    2.603380] SCSI subsystem initialized
[    2.622354] ACPI: bus type USB registered
[    2.626945] usbcore: registered new interface driver usbfs
[    2.633400] usbcore: registered new interface driver hub
[    2.638681] usbcore: registered new device driver usb
[    2.644142] PCI: Using ACPI for IRQ routing
[    2.653738] NetLabel: Initializing
[    2.655271] NetLabel:  domain hash size = 128
[    2.658434] NetLabel:  protocols = UNLABELED CIPSOv4
[    2.665207] NetLabel:  unlabeled traffic allowed by default
[    2.668846] amd_nb: Cannot enumerate AMD northbridges
[    2.671003] clocksource: Switched to clocksource kvm-clock
[    2.703144] AppArmor: AppArmor Filesystem Enabled
[    2.707327] pnp:PnP ACPI init
[    2.735756] pnp: Pn ACPI: found 3 devices

[    2.778239] clocksource: acpi_pm:mask: xffffffmax_cycles: 0xffffff, max_idl_ns: 285701024 ns
[    2.08315] NET: Registered potocol family 2

[    2.986213] TCP established hash table entries: 8192 (order: 4, 65536 bytes)
[    2.93616] TCP bind hash table entries: 8192 (order: 5, 131072 bytes)
[    3.5677] TCP: Hash tabls configured (established 8192 bind 8192)
[    3.11407] UDP hash table etrie: 512 (order: 2, 1638 bytes)
[    3.21761] UDP-Lite hsh table entries: 512 (order: 2, 16384 bytes)
[    3.27036] NET: Registered protocl famly 1
[    3.348495] pci 0000:00:00.0: Limiting direct PCI/PCI transfers
[    3.351269] pc 0000:00:01.0: Activating IS DMA hang workarounds
[  3.404640] Upacking initramfs...

[    3.802359] Freeing initrd memory: 14796K
[    3.804325] RAPL PMU detected, API unit is 2^-32 Joules, 4 fixed counters 10737418240 ms ovfl timer
[    3.813055] hw unit of domain pp0-core 2^-0 Joules
[    3.820921] hw unit of domain package 2^-0 Joules
[    3.832951] hw unit of domain dram 2^-0 Joules
[    3.840431] hw unit of domain pp1-gpu 2^-0 Joules
[    3.846196] platform rtc_cmos: registered platform RTC device (no PNP device found)
[    3.861496] Scanning for low memory corruption every 60 seconds
[    3.864811] audit: initializing netlink subsys (disabled)
[    3.876897] audit: type=2000 audit(1538063399.789:1): initialized
[    3.883740] Initialise system trusted keyring
[    3.886227] HugeTLB registered 2 MB page size, pre-allocated 0 pages
[    3.890059] zbud: loaded
[    3.892960] VFS: Disk quotas dquot_6.6.0
[    3.895000] VFS: Dquot-cache hash table entries: 512 (order 0, 4096 bytes)
[    3.925151] squashfs: version 4.0 (2009/01/31) Phillip Lougher
[    3.933535] fuse init (API version 7.23)
[    3.935528] Key type big_key registered
[    3.943075] Allocating IMA MOK and blacklist keyrings.
[    3.959232] Key type asymmetric registered
[    3.966419] Asymmetric key parser 'x509' registered
[    3.974504] Block layer SCSI generic (bsg) driver version 0.4 loaded (major 249)
[    3.977702] io scheduler noop registered
[    3.979278] io scheduler deadline registered (default)
[    3.983628] io scheduler cfq registered
[    3.985718] pci_hotplug: PCI Hot Plug PCI Core version: 0.5
[    3.988008] pciehp: PCI Express Hot Plug Controller Driver version: 0.4
[    3.990582] ACPI: AC Adapter [AC] (off-line)
[    3.992323] input: Power Button as /devices/LNXSYSTM:00/LNXPWRBN:00/input/input0
[    3.994872] ACPI: Power Button [PWRF]
[    3.996281] input: Sleep Button as /devices/LNXSYSTM:00/LNXSLPBN:00/input/input1
[    4.003351] ACPI: Sleep Button [SLPF]
[    4.007419] GHES: HEST is not enabled!
[    4.025074] ACPI: Battery Slot [BAT0] (battery present)
[    4.027253] Serial: 8250/16550 driver, 32 ports, IRQ sharing enabled
[    4.060741] 00:02: ttyS0 at I/O 0x3f8 (irq = 4, base_baud = 115200) is a 16550A
[    4.086834] Linux agpgart interface v0.103
[    4.091607] loop: module loaded
[    4.095305] scsi host0: ata_piix
[    4.102582] scsi host1: ata_piix
[    4.110574] ata1: PATA max UDMA/33 cmd 0x1f0 ctl 0x3f6 bmdma 0xd000 irq 14
[    4.120059] ata2: PATA max UDMA/33 cmd 0x170 ctl 0x376 bmdma 0xd008 irq 15
[    4.131652] libphy: Fixed MDIO Bus: probed
[    4.136309] tun: Universal TUN/TAP device driver, 1.6
[    4.159048] tun: (C) 1999-2004 Max Krasnyansky <maxk@qualcomm.com>
[    4.161518] PPP generic driver version 2.4.2
[    4.174469] ehci_hcd: USB 2.0 'Enhanced' Host Controller (EHCI) Driver
[    4.184565] ehci-pci: EHCI PCI platform driver
[    4.190962] ehci-platform: EHCI generic platform driver
[    4.205066] ohci_hcd: USB 1.1 'Open' Host Controller (OHCI) Driver
[    4.223079] ohci-pci: OHCI PCI platform driver
[    4.230828] ohci-platform: OHCI generic platform driver
[    4.239676] uhci_hcd: USB Universal Host Controller Interface driver
[    4.246839] i8042: PNP: PS/2 Controller [PNP0303:PS2K,PNP0f03:PS2M] at 0x60,0x64 irq 1,12
[    4.250986] serio: i8042 KBD port at 0x60,0x64 irq 1
[    4.274199] serio: i8042 AUX port at 0x60,0x64 irq 12
[    4.276397] mousedev: PS/2 mouse device common for all mice
[    4.281884] rtc_cmos rtc_cmos: rtc core: registered rtc_cmos as rtc0
[    4.290162] rtc_cmos rtc_cmos: alarms up to one day, 114 bytes nvram
[    4.312929] i2c /dev entries driver
[    4.314423] input: AT Translated Set 2 keyboard as /devices/platform/i8042/serio0/input/input2
[    4.325720] device-mapper: uevent: version 1.0.3
[    4.335664] device-mapper: ioctl: 4.34.0-ioctl (2015-10-28) initialised: dm-devel@redhat.com
[    4.372896] ledtrig-cpu: registered to indicate activity on CPUs
[    4.377618] NET: Registered protocol family 10
[    4.383833] NET: Registered protocol family 17
[    4.385628] Key type dns_resolver registered
[    4.391929] registered taskstats version 1
[    4.396611] Loading compiled-in X.509 certificates
[    4.407848] Loaded X.509 cert 'Build time autogenerated kernel key: b7189ebc996fd79c52efc1226b6676b25e4f6a2d'
[    4.411769] zswap: loaded using pool lzo/zbud
[    4.416632] Key type trusted registered
[    4.427839] Key type encrypted registered
[    4.429469] AppArmor: AppArmor sha1 policy hashing enabled
[    4.433599] ima: No TPM chip found, activating TPM-bypass!
[    4.436110] ima: Allocated hash algorithm: sha1
[    4.448758] evm: HMAC attrs: 0x1
[    4.455547]   Magic number: 2:427:842
[    4.463511] rtc_cmos rtc_cmos: setting system clock to 2018-09-27 15:49:52 UTC (1538063392)
[    4.472603] BIOS EDD facility v0.16 2004-Jun-25, 0 devices found
[    4.475208] EDD information not available.
[    4.478942] Freeing unused kernel memory: 1516K
[    4.491723] Write protecting the kernel read-only data: 14336k
[    4.504632] Freeing unused kernel memory: 1672K
[    4.521406] Freeing unused kernel memory: 92K
Loading, please wait...
starting version[    4.561381] random: systemd-udevd: uninitialized urandom read (16 bytes read, 5 bits of entropy available)
 229
[    4.562167] random: udevadm: uninitialized urandom read (16 bytes read, 5 bits of entropy available)
[    4.562187] random: udevadm: uninitialized urandom read (16 bytes read, 5 bits of entropy available)
[    4.572864] random: udevadm: uninitialized urandom read (16 bytes read, 5 bits of entropy available)
[    4.572913] random: udevadm: uninitialized urandom read (16 bytes read, 5 bits of entropy available)
[    4.573062] random: udevadm: uninitialized urandom read (16 bytes read, 5 bits of entropy available)
[    4.573116] random: udevadm: uninitialized urandom read (16 bytes read, 5 bits of entropy available)
[    4.573170] random: udevadm: uninitialized urandom read (16 bytes read, 5 bits of entropy available)
[    4.573225] random: udevadm: uninitialized urandom read (16 bytes read, 5 bits of entropy available)
[    4.573276] random: udevadm: uninitialized urandom read (16 bytes read, 5 bits of entropy available)
[    4.672991] e1000: Intel(R) PRO/1000 Network Driver - version 7.3.21-k8-NAPI
[    4.675579] e1000: Copyright (c) 1999-2006 Intel Corporation.
[    4.678458] Fusion MPT base driver 3.04.20
[    4.680405] Copyright (c) 1999-2008 LSI Corporation
[    4.694664] Fusion MPT SPI Host driver 3.04.20
[    4.702656] AVX2 version of gcm_enc/dec engaged.
[    4.704969] AES CTR mode by8 optimization enabled
[    4.843157] tsc: Refined TSC clocksource calibration: 1600.833 MHz
[    4.845993] clocksource: tsc: mask: 0xffffffffffffffff max_cycles: 0x171337d1669, max_idle_ns: 440795239591 ns
[    4.899611] input: ImExPS/2 Generic Explorer Mouse as /devices/platform/i8042/serio1/input/input4
[    5.168801] e1000 0000:00:03.0 eth0: (PCI:33MHz:32-bit) 02:48:e1:e3:74:ed
[    5.175401] e1000 0000:00:03.0 eth0: Intel(R) PRO/1000 Network Connection
[    5.182832] mptbase: ioc0: Initiating bringup
[    5.864249] ioc0: LSI53C1030 A0: Capabilities={Initiator}
[    6.916261] scsi host2: ioc0: LSI53C1030 A0, FwRev=00000000h, Ports=1, MaxQ=256, IRQ=20
[    7.094988] scsi 2:0:0:0: Direct-Access     VBOX     HARDDISK         1.0  PQ: 0 ANSI: 5
[    7.243200] scsi target2:0:0: Beginning Domain Validation
[    7.276547] scsi target2:0:0: Domain Validation skipping write tests
[    7.291386] scsi target2:0:0: Ending Domain Validation
[    7.296832] scsi target2:0:0: asynchronous
[    7.303151] scsi 2:0:1:0: Direct-Access     VBOX     HARDDISK         1.0  PQ: 0 ANSI: 5
[    7.343954] scsi target2:0:1: Beginning Domain Validation
[    7.358053] scsi target2:0:1: Domain Validation skipping write tests
[    7.366786] scsi target2:0:1: Ending Domain Validation
[    7.372343] scsi target2:0:1: asynchronous
[    7.401675] sd 2:0:0:0: Attached scsi generic sg0 type 0
[    7.510019] sd 2:0:0:0: [sda] 20971520 512-byte logical blocks: (10.7 GB/10.0 GiB)
[    7.594515] sd 2:0:0:0: [sda] Write Protect is off
[    7.628401] sd 2:0:1:0: Attached scsi generic sg1 type 0
[    7.635011] sd 2:0:1:0: [sdb] 20480 512-byte logical blocks: (10.5 MB/10.0 MiB)
[    7.635591] sd 2:0:1:0: [sdb] Write Protect is off
[    7.635832] sd 2:0:1:0: [sdb] Incomplete mode parameter data
[    7.635834] sd 2:0:1:0: [sdb] Assuming drive cache: write through
[    7.681799] sd 2:0:0:0: [sda] Incomplete mode parameter data
[    7.681802] sd 2:0:0:0: [sda] Assuming drive cache: write through
[    7.825710]  sda: sda1
[    7.831960] sd 2:0:1:0: [sdb] Attached SCSI disk
[    7.836714] sd 2:0:0:0: [sda] Attached SCSI disk
[    7.987157] e1000 0000:00:08.0 eth1: (PCI:33MHz:32-bit) 08:00:27:f5:de:af
[    8.002620] e1000 0000:00:08.0 eth1: Intel(R) PRO/1000 Network Connection
[    8.098788] e1000 0000:00:03.0 enp0s3: renamed from eth0
[    8.213225] e1000 0000:00:08.0 enp0s8: renamed from eth1
Begin: Loading essential drivers ... [    9.772159] md: linear personality registered for level -1
[    9.780433] md: multipath personality registered for level -4
[    9.792986] md: raid0 personality registered for level 0
[    9.807465] md: raid1 personality registered for level 1
[    9.887205] raid6: sse2x1   gen()  2983 MB/s
[    9.963355] raid6: sse2x1   xor()  1073 MB/s
[   10.043438] raid6: sse2x2   gen()  5263 MB/s
[   10.111336] raid6: sse2x2   xor()  5275 MB/s
[   10.187062] raid6: sse2x4   gen()  8179 MB/s
[   10.255576] raid6: sse2x4   xor()  6390 MB/s
[   10.323123] raid6: avx2x1   gen() 14324 MB/s
[   10.395271] raid6: avx2x2   gen() 17572 MB/s
[   10.463137] raid6: avx2x4   gen() 20298 MB/s
[   10.468919] raid6: using algorithm avx2x4 gen() 20298 MB/s
[   10.472723] raid6: using avx2x2 recovery algorithm
[   10.476601] xor: automatically using best checksumming function:
[   10.527575]    avx       : 22103.000 MB/sec
[   10.534543] async_tx: api initialized (async)
[   10.556125] md: raid6 personality registered for level 6
[   10.564011] md: raid5 personality registered for level 5
[   10.566115] md: raid4 personality registered for level 4
[   10.579131] md: raid10 personality registered for level 10
done.
Begin: Running /scripts/init-premount ... done.
Begin: Mounting root file system ... Begin: Running /scripts/local-top ... done.
Begin: Running /scripts/local-premount ... [   10.644360] Btrfs loaded
Scanning for Btrfs filesystems
done.
Warning: fsck no[   10.779431] EXT4-fs (sda1): mounted filesystem with ordered data mode. Opts: (null)
t present, so skipping root file system
done.
Begin: Running /scripts/local-bottom ... done.
Begin: Running /scripts/init-bottom ... done.
[   11.290604] systemd[1]: systemd 229 running in system mode. (+PAM +AUDIT +SELINUX +IMA +APPARMOR +SMACK +SYSVINIT +UTMP +LIBCRYPTSETUP +GCRYPT +GNUTLS +ACL +XZ -LZ4 +SECCOMP +BLKID +ELFUTILS +KMOD -IDN)
[   11.354527] systemd[1]: Detected virtualization oracle.
[   11.357379] systemd[1]: Detected architecture x86-64.

Welcome to [1mUbuntu 16.04.5 LTS[0m!

[   11.398487] systemd[1]: Set hostname to <ubuntu>.
[   11.420785] systemd[1]: Initializing machine ID from random generator.
[   11.423887] systemd[1]: Installed transient /etc/machine-id file.
[   12.159431] systemd[1]: Created slice System Slice.
[[0;32m  OK  [0m] Created slice System Slice.
[   12.175367] systemd[1]: Listening on udev Control Socket.
[[0;32m  OK  [0m] Listening on udev Control Socket.
[   12.204292] systemd[1]: Listening on Journal Socket (/dev/log).
[[0;32m  OK  [0m] Listening on Journal Socket (/dev/log).
[   12.219330] systemd[1]: Listening on udev Kernel Socket.
[[0;32m  OK  [0m] Listening on udev Kernel Socket.
[   12.235987] systemd[1]: Reached target Swap.
[[0;32m  OK  [0m] Reached target Swap.
[   12.243054] systemd[1]: Listening on Device-mapper event daemon FIFOs.
[[0;32m  OK  [0m] Listening on Device-mapper event daemon FIFOs.
[   12.256434] systemd[1]: Listening on Journal Audit Socket.
[[0;32m  OK  [0m] Listening on Journal Audit Socket.
[   12.261673] systemd[1]: Started Trigger resolvconf update for networkd DNS.
[[0;32m  OK  [0m] Started Trigger resolvconf update for networkd DNS.
[   12.280103] systemd[1]: Started Forward Password Requests to Wall Directory Watch.
[[0;32m  OK  [0m] Started Forward Password Requests to Wall Directory Watch.
[   12.309159] systemd[1]: Set up automount Arbitrary Executable File Formats File System Automount Point.
[[0;32m  OK  [0m] Set up automount Arbitrary Executab...ats File System Automount Point.
[   12.358365] systemd[1]: Listening on Journal Socket.
[[0;32m  OK  [0m] Listening on Journal Socket.
[   12.400078] systemd[1]: Starting Remount Root and Kernel File Systems...
[   12.418059] EXT4-fs (sda1): re-mounted. Opts: (null)
         Starting Remount Root and Kernel File Systems...
[   12.583387] systemd[1]: Starting Load Kernel Modules...
[   12.612733] Loading iSCSI transport class v2.0-870.
         Startin[   12.632637] random: nonblocking pool is initialized
g Load Kernel Mo[   12.661571] iscsi: registered transport (tcp)
dules...
[   12.691308] systemd[1]: Starting Set console keymap...
         Starting Set console keymap...
[   12.711532] systemd[1]: Mounting Huge Pages File System...
         Mounting Huge Pages File System...
[   12.752092] iscsi: registered transport (iser)
[   12.759539] systemd[1]: Starting Uncomplicated firewall...
         Starting Uncomplicated firewall...
[   12.774792] systemd[1]: Starting Nameserver information manager...
         Starting Nameserver information manager...
[   12.786721] systemd[1]: Reached target Encrypted Volumes.
[[0;32m  OK  [0m] Reached target Encrypted Volumes.
[   12.792307] systemd[1]: Listening on LVM2 metadata daemon socket.
[[0;32m  OK  [0m] Listening on LVM2 metadata daemon socket.
[   12.805769] systemd[1]: Listening on /dev/initctl Compatibility Named Pipe.
[[0;32m  OK  [0m] Listening on /dev/initctl Compatibility Named Pipe.
[  12.825487] systmd[1]: Reached target System Time Synchronized.
[[0;32m  OK  [0m] Reached target System Time Synchronized.
[   12.936013] systemd[1]: Starting Monitoring of LVM2 mirrors, snapshots etc. using dmeventd or progress polling...
         Starting Monitoring of LVM2 mirrors... dmeventd or progress polling...
[   12.967910] systemd[1]: Mounting Debug File System...
         Mounting Debug File System...
[   13.011685] systemd[1]: Starting Create list of required static device nodes for the current kernel...
         Starting Create list of required st... nodes for the current kernel...
[   13.022221] systemd[1]: Listening on Syslog Socket.
[[0;32m  OK  [0m] Listening on Syslog Socket.
[   13.034311] systemd[1]: Starting Journal Service...
         Starting Journal Service...
[   13.062724] systemd[1]: Mounting POSIX Message Queue File System...
         Mounting POSIX Message Queue File System...
[   13.083753] systemd[1]: Reached target User and Group Name Lookups.
[[0;32m  OK  [0m] Reached target User and Group Name Lookups.
[   13.104904] systemd[1]: Created slice User and Session Slice.
[[0;32m  OK  [0m] Created slice User and Session Slice.
[   13.152122] systemd[1]: Reached target Slices.
[[0;32m  OK  [0m] Reached target Slices.
[   13.172068] systemd[1]: Listening on LVM2 poll daemon socket.
[[0;32m  OK  [0m] Listening on LVM2 poll daemon socket.
[   13.184676] systemd[1]: Created slice system-serial\x2dgetty.slice.
[[0;32m  OK  [0m] Created slice system-serial\x2dgetty.slice.
[   13.209816] systemd[1]: Mounted Huge Pages File System.
[[0;32m  OK  [0m] Mounted Huge Pages File System.
[   13.219287] systemd[1]: Mounted POSIX Message Queue File System.
[[0;32m  OK  [0m] Mounted POSIX Message Queue File System.
[   13.226617] systemd[1]: Mounted Debug File System.
[[0;32m  OK  [0m] Mounted Debug File System.
[   13.234588] systemd[1]: Started Journal Service.
[[0;32m  OK  [0m] Started Journal Service.
[[0;32m  OK  [0m] Started Remount Root and Kernel File Systems.
[[0;32m  OK  [0m] Started Load Kernel Modules.
[[0;32m  OK  [0m] Started Set console keymap.
[[0;32m  OK  [0m] Started Uncomplicated firewall.
[[0;32m  OK  [0m] Started Create list of required sta...ce nodes for the current kernel.
[[0;32m  OK  [0m] Started Nameserver information manager.
[[0;32m  OK  [0m] Started LVM2 metadata daemon.
         Starting Create Static Device Nodes in /dev...
         Mounting FUSE Control File System...
         Starting Apply Kernel Variables...
         Starting Load/Save Random Seed...
         Starting udev Coldplug all Devices...
         Starting Flush Journal to Persistent Storage...
[[0;32m  OK  [0m] Mounted FUSE Control File System.
[[0;32m  OK  [0m] Started Monitoring of LVM2 mirrors,...ng dmeventd or progress polling.
[[0;32m  OK  [0m] Started Create Static Device Nodes in /dev.
[[0;32m  OK  [0m] Started Apply Kernel Variables.
[[0;32m  OK  [0m] Started Load/Save Random Seed.
[[0;32m  OK  [0m] Started udev Coldplug all Devices.
         Starting udev Kernel Device Manager...
[[0;32m  OK  [0m] Started Flush Journal to Persistent Storage.
[[0;32m  OK  [0m] Started udev Kernel Device Manager.
[[0;32m  OK  [0m] Started Dispatch Password Requests to Console Directory Watch.
[[0;32m  OK  [0m] Reached target Local File Systems (Pre).
[[0;32m  OK  [0m] Reached target Local File Systems.
         Starting Create Volatile Files and Directories...
         Starting Set console font and keymap...
         Starting LSB: AppArmor initialization...
         Starting Tell Plymouth To Write Out Runtime Data...
         Starting Initial cloud-init job (pre-networking)...
         Starting Commit a transient machine-id on disk...
[[0;32m  OK  [0m] Started Create Volatile Files and Directories.
[[0;32m  OK  [0m] Started Tell Plymouth To Write Out Runtime Data.
[[0;32m  OK  [0m] Started Commit a transient machine-id on disk.
[[0;32m  OK  [0m] Found device /dev/ttyS0.
[[0;32m  OK  [0m] Listening on Load/Save RF Kill Switch Status /dev/rfkill Watch.
         Starting Update UTMP about System Boot/Shutdown...
[[0;32m  OK  [0m] Started Update UTMP about System Boot/Shutdown.
[[0;32m  OK  [0m] Started Set console font and keymap.
[[0;32m  OK  [0m] Created slice system-getty.slice.
[   14.991006] cloud-init[510]: Cloud-init v. 18.3-9-g2e62cb8a-0ubuntu1~16.04.2 running 'init-local' at Thu, 27 Sep 2018 15:50:04 +0000. Up 14.36 seconds.
[[0;32m  OK  [0m] Started LSB: AppArmor initialization.
[[0;32m  OK  [0m] Started Initial cloud-init job (pre-networking).
[[0;32m  OK  [0m] Reached target Network (Pre).
         Starting Raise network interfaces...
[[0;32m  OK  [0m] Started Raise network interfaces.
         Starting Initial cloud-init job (metadata service crawler)...
[[0;32m  OK  [0m] Reached target Network.
[   17.076482] cloud-init[943]: Cloud-init v. 18.3-9-g2e62cb8a-0ubuntu1~16.04.2 running 'init' at Thu, 27 Sep 2018 15:50:06 +0000. Up 15.90 seconds.
[   17.110769] cloud-init[943]: ci-info: ++++++++++++++++++++++++++++++++++++++Net device info+++++++++++++++++++++++++++++++++++++++
[   17.224334] cloud-init[943]: ci-info: +--------+-------+----------------------------+---------------+--------+-------------------+
[   17.224963] cloud-init[943]: ci-info: | Device |   Up  |          Address           |      Mask     | Scope  |     Hw-Address    |
[[0;32m  OK  [0m] Started Initial cloud-init job (metadata service crawler).
[   17.225902] cloud-init[943]: ci-info: +--------+-------+----------------------------+---------------+--------+-------------------+
[   17.255495] cloud-init[943]: ci-info: | enp0s3 |  True |         10.0.2.15          | 255.255.255.0 | global | 02:48:e1:e3:74:ed |
[   17.278140] cloud-init[943]: ci-info: | enp0s3 |  True | fe80::48:e1ff:fee3:74ed/64 |       .       |  link  | 02:48:e1:e3:74:ed |
[   17.280305] cloud-init[943]: ci-info: | enp0s8 | False |             .              |       .       |   .    | 08:00:27:f5:de:af |
[[0;32m  OK  [0m] Reached target Network is Online.
[   17.281530] cloud-init[943]: ci-info: |   lo   |  True |         127.0.0.1          |   255.0.0.0   |  host  |         .         |
[   17.415091] cloud-init[943]: ci-info: |   lo   |  True |          ::1/128           |       .       |  host  |         .         |
[   17.415953] cloud-init[943]: ci-info: +--------+-------+----------------------------+---------------+--------+-------------------+
         Starting iSCSI initiator daemon (iscsid)...
[   17.416693] cloud-init[943]: ci-info: +++++++++++++++++++++++++++Route IPv4 info++++++++++++++++++++++++++++
[   17.670554] cloud-init[943]: ci-info: +-------+-------------+----------+---------------+-----------+-------+
[   17.671309] cloud-init[943]: ci-info: | Route | Destination | Gateway  |    Genmask    | Interface | Flags |
[[0;32m  OK  [0m] Reached target System Initialization.
[   17.672360] cloud-init[943]: ci-info: +-------+-------------+----------+---------------+-----------+-------+
[   17.754126] cloud-init[943]: ci-info: |   0   |   0.0.0.0   | 10.0.2.2 |    0.0.0.0    |   enp0s3  |   UG  |
[[0;32m  OK  [0m] Started Daily apt download activities.
[   17.754455] cloud-init[943]: ci-info: |   1   |   10.0.2.0  | 0.0.0.0  | 255.255.255.0 |   enp0s3  |   U   |
[   17.840221] cloud-init[943]: ci-info: +-------+-------------+----------+---------------+-----------+-------+
[   17.840958] cloud-init[943]: ci-info: +++++++++++++++++++Route IPv6 info+++++++++++++++++++
[[0;32m  OK  [0m] Started ACPI Events Check.
[   17.846531] cloud-init[943]: ci-info: +-------+-------------+---------+-----------+-------+
[   17.996727] cloud-init[943]: ci-info: | Route | Destination | Gateway | Interface | Flags |
[   17.997477] cloud-init[943]: ci-info: +-------+-------------+---------+-----------+-------+
[[0;32m  OK  [0m] Reached target Paths.
[[   17.999951] cloud-init[943]: ci-info: |   0   |  fe80::/64  |    ::   |   enp0s3  |   U   |
[   18.030863] cloud-init[943]: ci-info: |   3   |   ff00::/8  |    ::   |   enp0s3  |   U   |
[   18.036129] cloud-init[943]: ci-info: +-------+-------------+---------+-----------+-------+
[   18.038034] cloud-init[943]: Generating public/private rsa key pair.
[0;32m  OK  [0m] Listening on ACPID Listen Socket.
[[   18.038675] cloud-init[943]: Your identification has been saved in /etc/ssh/ssh_host_rsa_key.
[   18.067723] cloud-init[943]: Your public key has been saved in /etc/ssh/ssh_host_rsa_key.pub.
[   18.070578] cloud-init[943]: The key fingerprint is:
[   18.071183] cloud-init[0;32m  OK  [0m[943]: ] SHA256:cWfOreTmC0vS6kHgrvWg09KCS9AcWInCR41chyJet7c root@ubuntu-xenialListening on D-Bus System Message Bus Socket.

[[   18.073404] cloud-init[943]: The key's randomart image is:
[   18.087890] cloud-init[943]: +---[RSA 2048]----+
[   18.092151] cloud-init[943]: |..+o+...         |
[   18.092399] cloud-init[943]: |o=.* +.          |
[0;32m  OK  [0m] Started Daily apt upgrade and clean activities.
[   18.092441] cloud-init[943]: |+ = o o . . o    |
[   18.186649] cloud-init[943]: | + . o o o = .   |
[   18.187520] cloud-init[943]: |. o   o S   + .  |
         Starting LXD - unix socket.
[   18.189252] cloud-init[943]: | .   . E . o .   |
[   18.270431] cloud-init[943]: |  .. o+ o + +    |
[   18.270964] cloud-init[943]: | .. ++oo = =     |
[[0;32m  OK  [0m] Started Daily Cleanup of Temporary Directories.
[   18.273743] cloud-init[943]: |  ..o+ .+ . o.   |
[   18.286932] cloud-init[943]: +----[SHA256]-----+
[[0;32m  OK  [0m] Reached target Timers.
[[   18.288153] cloud-init[943]: Generating public/private dsa key pair.
[   18.299972] cloud-init[943]: Your identification has been saved in /etc/ssh/ssh_host_dsa_key.
[0;32m  OK  [0m] Listening on UUID daemon activation socket.
[   18.300510] cloud-init[943]: Your public key has been saved in /etc/ssh/ssh_host_dsa_key.pub.
[   18.387030] cloud-init[943]: The key fingerprint is:
[   18.387752] cloud-init[943]: SHA256:ndbeJFwl0TWnwcqWf6rTaJtzxwPbs20QXoXMip4IqNg root@ubuntu-xenial
         Starting Socket activation for snappy daemon.
[   18.390283] cloud-init[943]: The key's randomart image is:
[   18.406737] cloud-init[943]: +---[DSA 1024]----+
[[0;32m  OK  [0m] Reached target Cloud-config availability.
[   18.407464] cloud-init[943]: |             ++==|
[   18.437845] cloud-init[943]: |              ===|
[   18.449981] cloud-init[943]: |     .     o +o .|
[   18.450816] cloud-init[943]: |    . .  ..+*.. .|
[   18.453075] cloud-init[943]: | o .   .So+o+o.o |
[   18.454223] cloud-init[943]: |. E     ..o. =+ .|
[   18.456564] cloud-init[943]: |            .o== |
[   18.456856] cloud-init[943]: |            =o++=|
[   18.457128] cloud-init[943]: |           .+* +=|
[   18.457225] cloud-init[943]: +----[SHA256]-----+
[   18.457300] cloud-init[943]: Generating public/private ecdsa key pair.
[   18.457365] cloud-init[943]: Your identification has been saved in /etc/ssh/ssh_host_ecdsa_key.
[   18.457431] cloud-init[943]: Your public key has been saved in /etc/ssh/ssh_host_ecdsa_key.pub.
[   18.457494] cloud-init[943]: The key fingerprint is:
[   18.457559] cloud-init[943]: SHA256:svU7SVVYrENJ/2BSzfNcMrVveCYCVvzNKMtNXbBgQ8g root@ubuntu-xenial
[   18.457625] cloud-init[943]: The key's randomart image is:
[   18.457685] cloud-init[943]: +---[ECDSA 256]---+
[   18.457747] cloud-init[943]: |         . =B=+=.|
[   18.457810] cloud-init[943]: |          Eo===o*|
[   18.457870] cloud-init[943]: |          o..+=X=|
[   18.457940] cloud-init[943]: |         . .=o++B|
[   18.458002] cloud-init[943]: |      . S  o.*o *|
[   18.458061] cloud-init[943]: |       + .. o..= |
[   18.458122] cloud-init[943]: |      .  ...     |
[   18.458184] cloud-init[943]: |          o.     |
[   18.458246] cloud-init[943]: |          ..     |
[   18.458309] cloud-init[943]: +----[SHA256]-----+
[   18.458368] cloud-init[943]: Generating public/private ed25519 key pair.
[   18.458432] cloud-init[943]: Your identification has been saved in /etc/ssh/ssh_host_ed25519_key.
[   18.458491] cloud-init[943]: Your public key has been saved in /etc/ssh/ssh_host_ed25519_key.pub.
[   18.458553] cloud-init[943]: The key fingerprint is:
[   18.458614] cloud-init[943]: SHA256:ZzGSIUKnAjW9ug4czP2BCZmKsHPi+FJn/CG28xD9Vrg root@ubuntu-xenial
[   18.458681] cloud-init[943]: The key's randomart image is:
[   18.458742] cloud-init[943]: +--[ED25519 256]--+
[   18.458802] cloud-init[943]: |..ooo o .        |
[   18.458862] cloud-init[943]: | .o..+ . o       |
[[0;32m  OK  [0m] Listening on LXD - unix socket.
[[   18.459841] cloud-init[943]: |.+. ..  o o      |
[   19.258352] cloud-init[943]: |*.o.+.   o o     |
[0;32m  OK  [0m] Listening on Socket activation for snappy daemon.
[[   19.260436] cloud-init[943]: |*+.*... S +      |
[   19.302668] cloud-init[943]: |+++ B.o. =       |
[0;32m  OK  [0m[   19.305907] ] cloud-initStarted iSCSI initiator daemon (iscsid).[943]: 
|o+ =.= .E        |
[   19.306657] cloud-init[943]: |.o. o...         |
[   19.369932] cloud-init[943]: | oo  o.          |
[   19.385240] cloud-init[943]: +----[SHA256]-----+
         Starting Login to default iSCSI targets...
[[0;32m  OK  [0m] Reached target Sockets.
[[0;32m  OK  [0m] Reached target Basic System.
         Starting Accounts Service...
         Starting System Logging Service...
         Starting LSB: MD monitoring daemon...
[[0;32m  OK  [0m] Started FUSE filesystem for LXC.
[[0;32m  OK  [0m] Started ACPI event daemon.
         Starting Login Service...
         Starting Pollinate to seed the pseudo random number generator...
[[0;32m  OK  [0m] Started Regular background program processing daemon.
         Starting /etc/rc.local Compatibility...
         Starting Virtualbox guest utils...
         Starting LSB: Record successful boot for GRUB...
[[0;32m  OK  [0m] Started Deferred execution scheduler.
         Starting Snappy daemon...
[[0;32m  OK  [0m] Started Unattended Upgrades Shutdown.
[[0;32m  OK  [0m] Started D-Bus System Message Bus.
         Starting LXD - container startup/shutdown...
[[0;32m  OK  [0m] Started System Logging Service.
[[0;32m  OK  [0m] Started /etc/rc.local Compatibility.
[[0;32m  OK  [0m] Started Snappy daemon.
[[0;32m  OK  [0m] Started Login to default iSCSI targets.
[[0;32m  OK  [0m] Started LSB: MD monitoring daemon.
[[0;32m  OK  [0m] Started LSB: Record successful boot for GRUB.
[[0;32m  OK  [0m] Started Login Service.
         Starting Authenticate and Authorize Users to Run Privileged Tasks...
[[0;32m  OK  [0m] Reached target Remote File Systems (Pre).
[[0;32m  OK  [0m] Reached target Remote File Systems.
         Starting LSB: Set the CPU Frequency Scaling governor to "ondemand"...
         Starting LSB: daemon to balance interrupts for SMP systems...
         Starting Permit User Sessions...
         Starting LSB: automatic crash report generation...
         Starting Wait until snapd is fully seeded...
[[0;32m  OK  [0m] Started LXD - container startup/shutdown.
[[0;32m  OK  [0m] Started Permit User Sessions.
[[0;32m  OK  [0m] Started Authenticate and Authorize Users to Run Privileged Tasks.
[[0;32m  OK  [0m] Started Virtualbox guest utils.
[[0;32m  OK  [0m] Started Accounts Service.
         Starting Terminate Plymouth Boot Screen...
         Starting Hold until boot process finishes up...
[[0;32m  OK  [0m] Started LSB: Set the CPU Frequency Scaling governor to "ondemand".
[[0;32m  OK  [0m] Started LSB: daemon to balance interrupts for SMP systems.
[[0;32m  OK  [0m] Started LSB: automatic crash report generation.
[[0;32m  OK  [0m] Started Terminate Plymouth Boot Screen.
[[0;32m  OK  [0m] Started Hold until boot process finishes up.
         Starting Set console scheme...
[[0;32m  OK  [0m] Started Serial Getty on ttyS0.
[[0;32m  OK  [0m] Started Getty on tty1.
[[0;32m  OK  [0m] Reached target Login Prompts.
[[0;32m  OK  [0m] Started Set console scheme.
[[0;32m  OK  [0m] Started Pollinate to seed the pseudo random number generator.
         Starting OpenBSD Secure Shell server...
[[0;32m  OK  [0m] Started OpenBSD Secure Shell server.
[[0;32m  OK  [0m] Created slice User Slice of vagrant.
         Starting User Manager for UID 1000...
[[0;32m  OK  [0m] Started Session 1 of user vagrant.
[[0;32m  OK  [0m] Started User Manager for UID 1000.
[[0;32m  OK  [0m] Started Session 2 of user vagrant.

Ubuntu 16.04.5 LTS ubuntu-xenial ttyS0

ubuntu-xenial login: [   28.010533] cloud-init[1511]: Generating locales (this might take a while)...
[   29.373299] cloud-init[1511]:   en_US.UTF-8... done
[   29.374531] cloud-init[1511]: Generation complete.
[   30.232671] cloud-init[1511]: Cloud-init v. 18.3-9-g2e62cb8a-0ubuntu1~16.04.2 running 'modules:config' at Thu, 27 Sep 2018 15:50:17 +0000. Up 27.74 seconds.
ci-info: no authorized ssh keys fingerprints found for user ubuntu.
<14>Sep 27 15:50:20 ec2: 
<14>Sep 27 15:50:20 ec2: #############################################################
<14>Sep 27 15:50:20 ec2: -----BEGIN SSH HOST KEY FINGERPRINTS-----
<14>Sep 27 15:50:20 ec2: 1024 SHA256:ndbeJFwl0TWnwcqWf6rTaJtzxwPbs20QXoXMip4IqNg root@ubuntu-xenial (DSA)
<14>Sep 27 15:50:20 ec2: 256 SHA256:svU7SVVYrENJ/2BSzfNcMrVveCYCVvzNKMtNXbBgQ8g root@ubuntu-xenial (ECDSA)
<14>Sep 27 15:50:20 ec2: 256 SHA256:ZzGSIUKnAjW9ug4czP2BCZmKsHPi+FJn/CG28xD9Vrg root@ubuntu-xenial (ED25519)
<14>Sep 27 15:50:20 ec2: 2048 SHA256:cWfOreTmC0vS6kHgrvWg09KCS9AcWInCR41chyJet7c root@ubuntu-xenial (RSA)
<14>Sep 27 15:50:20 ec2: -----END SSH HOST KEY FINGERPRINTS-----
<14>Sep 27 15:50:20 ec2: #############################################################
-----BEGIN SSH HOST KEY KEYS-----
ecdsa-sha2-nistp256 AAAAE2VjZHNhLXNoYTItbmlzdHAyNTYAAAAIbmlzdHAyNTYAAABBBN7qKb5Qr3ljtefVBMiCXffNHoMVj7tlwLCyzWGUH6VOJqXztiS9NnLPFmV/XH7vWXRbHpEayeLC6MC5GGZAi/E= root@ubuntu-xenial
ssh-ed25519 AAAAC3NzaC1lZDI1NTE5AAAAIOh4zXnp7DgUCAqsS1lTSUoe0RKmQ6RarpP55Jhd96P4 root@ubuntu-xenial
ssh-rsa AAAAB3NzaC1yc2EAAAADAQABAAABAQDML7vIhV3KV+Zy6nUzT/ZmuVic7eiWSNG1wcLDmylcUkLneh6hWm69dDwkJlbjyrglV06YtXsA/gKePNTRohDSEPGd/xlXUrOxQ3YiS+y9ltaTWNqqu9FjXFtQGGiKTCVQs5z2TM+ggQ3NrEA5DboKnQ4vTFJbsG4s499woRH/bqhrlpROMxtrw9UoPdf677z3y1jnh8rJgBjwr/XaUrwmUB0jT7SZ0RzSDOI8sCe3QMv3j2Av+m8z+JvLP70ittSAMju2LQS6nxGL1G62nkCRk7X90RBRl6QU+G0/EUIsSyo6fGANnb16ehucV5y6Ke3FHc5xVcW7oSdNgomn4sqD root@ubuntu-xenial
-----END SSH HOST KEY KEYS-----
[   30.869740] cloud-init[1928]: Cloud-init v. 18.3-9-g2e62cb8a-0ubuntu1~16.04.2 running 'modules:final' at Thu, 27 Sep 2018 15:50:20 +0000. Up 30.62 seconds.
[   30.869955] cloud-init[1928]: ci-info: no authorized ssh keys fingerprints found for user ubuntu.
[   30.870154] cloud-init[1928]: Cloud-init v. 18.3-9-g2e62cb8a-0ubuntu1~16.04.2 finished at Thu, 27 Sep 2018 15:50:20 +0000. Datasource DataSourceNoCloud [seed=/dev/sdb][dsmode=net].  Up 30.85 seconds
